 
****************************************
Report : area
Design : Top
Version: K-2015.06
Date   : Thu Sep 28 21:42:49 2023
****************************************

Information: Updating design information... (UID-85)
Warning: Design 'Top' contains 1 high-fanout nets. A fanout number of 1000 will be used for delay calculations involving these nets. (TIM-134)
Library(s) Used:

    NangateOpenCellLibrary_ss0p95vn40c (File: /home/IC/Desktop/khaled_taher/library/NangateOpenCellLibrary_ss0p95vn40c.db)

Number of ports:                          276
Number of nets:                          8470
Number of cells:                         7333
Number of combinational cells:           5796
Number of sequential cells:              1536
Number of macros/black boxes:               0
Number of buf/inv:                        842
Number of references:                      39

Combinational area:               6568.072115
Buf/Inv area:                      564.984001
Noncombinational area:            6947.919748
Macro/Black Box area:                0.000000
Net Interconnect area:      undefined  (Wire load has zero net area)

Total cell area:                 13515.991863
Total area:                 undefined
1
